<?xml version="1.0" encoding="UTF-8"?>
<!-- Generated by org.testng.reporters.JUnitXMLReporter -->
<testsuite hostname="Jejamma" ignored="2" name="Test" tests="8" failures="0" timestamp="23 Jan 2021 07:29:00 GMT" time="0.158" errors="0">
  <testcase name="Test1" time="0.015" classname="practise.ClassA"/>
  <testcase name="Test1" time="0.0" classname="practise.ClassA"/>
  <testcase name="Test1" time="0.0" classname="practise.ClassA"/>
  <testcase name="Test2" time="0.0" classname="practise.ClassA"/>
  <testcase name="Test2" time="0.0" classname="practise.ClassA"/>
  <testcase name="Test2" time="0.016" classname="practise.ClassA"/>
  <testcase name="Test1" time="0.0" classname="practise.ClassB"/>
  <testcase name="Test2" time="0.0" classname="practise.ClassB"/>
  <testcase name="@AfterTest TestA4" time="0.0" classname="practise.BaseClass">
    <ignored/>
  </testcase> <!-- @AfterTest TestA4 -->
  <testcase name="@BeforeTest TestA1" time="0.0" classname="practise.BaseClass">
    <ignored/>
  </testcase> <!-- @BeforeTest TestA1 -->
</testsuite> <!-- Test -->
