<?xml version="1.0" encoding="UTF-8"?>
<!-- Generated by org.testng.reporters.JUnitXMLReporter -->
<testsuite hostname="Jejamma" ignored="0" name="TestA" tests="6" failures="0" timestamp="23 Jan 2021 07:28:15 GMT" time="0.195" errors="0">
  <testcase name="Test1" time="0.015" classname="practise.ClassA"/>
  <testcase name="Test1" time="0.016" classname="practise.ClassA"/>
  <testcase name="Test1" time="0.015" classname="practise.ClassA"/>
  <testcase name="Test2" time="0.016" classname="practise.ClassA"/>
  <testcase name="Test2" time="0.0" classname="practise.ClassA"/>
  <testcase name="Test2" time="0.0" classname="practise.ClassA"/>
</testsuite> <!-- TestA -->
