<?xml version="1.0" encoding="UTF-8"?>
<testng-results skipped="0" failed="0" ignored="2" total="10" passed="8">
  <reporter-output>
  </reporter-output>
  <suite name="Suite" duration-ms="158" started-at="2021-01-23T07:29:00Z" finished-at="2021-01-23T07:29:00Z">
    <groups>
    </groups>
    <test name="Test" duration-ms="158" started-at="2021-01-23T07:29:00Z" finished-at="2021-01-23T07:29:00Z">
      <class name="practise.ClassA">
        <test-method status="PASS" signature="TestA1()[pri:0, instance:practise.ClassA@51565ec2]" name="TestA1" is-config="true" duration-ms="15" started-at="2021-01-23T07:29:00Z" finished-at="2021-01-23T07:29:00Z">
          <reporter-output>
          </reporter-output>
        </test-method> <!-- TestA1 -->
        <test-method status="PASS" signature="TestA()[pri:0, instance:practise.ClassA@51565ec2]" name="TestA" is-config="true" duration-ms="0" started-at="2021-01-23T07:29:00Z" finished-at="2021-01-23T07:29:00Z">
          <reporter-output>
          </reporter-output>
        </test-method> <!-- TestA -->
        <test-method status="PASS" signature="TestA2()[pri:0, instance:practise.ClassA@51565ec2]" name="TestA2" is-config="true" duration-ms="0" started-at="2021-01-23T07:29:00Z" finished-at="2021-01-23T07:29:00Z">
          <reporter-output>
          </reporter-output>
        </test-method> <!-- TestA2 -->
        <test-method status="PASS" signature="Test1(java.lang.String)[pri:0, instance:practise.ClassA@51565ec2]" name="Test1" duration-ms="15" started-at="2021-01-23T07:29:00Z" data-provider="getData" finished-at="2021-01-23T07:29:00Z">
          <params>
            <param index="0">
              <value>
                <![CDATA[swetha]]>
              </value>
            </param>
          </params>
          <reporter-output>
          </reporter-output>
        </test-method> <!-- Test1 -->
        <test-method status="PASS" signature="TestA3()[pri:0, instance:practise.ClassA@51565ec2]" name="TestA3" is-config="true" duration-ms="16" started-at="2021-01-23T07:29:00Z" finished-at="2021-01-23T07:29:00Z">
          <reporter-output>
          </reporter-output>
        </test-method> <!-- TestA3 -->
        <test-method status="PASS" signature="TestA2()[pri:0, instance:practise.ClassA@51565ec2]" name="TestA2" is-config="true" duration-ms="0" started-at="2021-01-23T07:29:00Z" finished-at="2021-01-23T07:29:00Z">
          <reporter-output>
          </reporter-output>
        </test-method> <!-- TestA2 -->
        <test-method status="PASS" signature="Test1(java.lang.String)[pri:0, instance:practise.ClassA@51565ec2]" name="Test1" duration-ms="0" started-at="2021-01-23T07:29:00Z" data-provider="getData" finished-at="2021-01-23T07:29:00Z">
          <params>
            <param index="0">
              <value>
                <![CDATA[reddy]]>
              </value>
            </param>
          </params>
          <reporter-output>
          </reporter-output>
        </test-method> <!-- Test1 -->
        <test-method status="PASS" signature="TestA2()[pri:0, instance:practise.ClassA@51565ec2]" name="TestA2" is-config="true" duration-ms="0" started-at="2021-01-23T07:29:00Z" finished-at="2021-01-23T07:29:00Z">
          <reporter-output>
          </reporter-output>
        </test-method> <!-- TestA2 -->
        <test-method status="PASS" signature="TestA2()[pri:0, instance:practise.ClassA@51565ec2]" name="TestA2" is-config="true" duration-ms="0" started-at="2021-01-23T07:29:00Z" finished-at="2021-01-23T07:29:00Z">
          <reporter-output>
          </reporter-output>
        </test-method> <!-- TestA2 -->
        <test-method status="PASS" signature="Test2(java.lang.String)[pri:0, instance:practise.ClassA@51565ec2]" name="Test2" duration-ms="0" started-at="2021-01-23T07:29:00Z" data-provider="getData" finished-at="2021-01-23T07:29:00Z">
          <params>
            <param index="0">
              <value>
                <![CDATA[swetha]]>
              </value>
            </param>
          </params>
          <reporter-output>
          </reporter-output>
        </test-method> <!-- Test2 -->
        <test-method status="PASS" signature="TestA3()[pri:0, instance:practise.ClassA@51565ec2]" name="TestA3" is-config="true" duration-ms="0" started-at="2021-01-23T07:29:00Z" finished-at="2021-01-23T07:29:00Z">
          <reporter-output>
          </reporter-output>
        </test-method> <!-- TestA3 -->
        <test-method status="PASS" signature="Test1(java.lang.String)[pri:0, instance:practise.ClassA@51565ec2]" name="Test1" duration-ms="0" started-at="2021-01-23T07:29:00Z" data-provider="getData" finished-at="2021-01-23T07:29:00Z">
          <params>
            <param index="0">
              <value>
                <![CDATA[yenreddy]]>
              </value>
            </param>
          </params>
          <reporter-output>
          </reporter-output>
        </test-method> <!-- Test1 -->
        <test-method status="PASS" signature="TestA3()[pri:0, instance:practise.ClassA@51565ec2]" name="TestA3" is-config="true" duration-ms="0" started-at="2021-01-23T07:29:00Z" finished-at="2021-01-23T07:29:00Z">
          <reporter-output>
          </reporter-output>
        </test-method> <!-- TestA3 -->
        <test-method status="PASS" signature="TestA3()[pri:0, instance:practise.ClassA@51565ec2]" name="TestA3" is-config="true" duration-ms="0" started-at="2021-01-23T07:29:00Z" finished-at="2021-01-23T07:29:00Z">
          <reporter-output>
          </reporter-output>
        </test-method> <!-- TestA3 -->
        <test-method status="PASS" signature="Test2(java.lang.String)[pri:0, instance:practise.ClassA@51565ec2]" name="Test2" duration-ms="16" started-at="2021-01-23T07:29:00Z" data-provider="getData" finished-at="2021-01-23T07:29:00Z">
          <params>
            <param index="0">
              <value>
                <![CDATA[yenreddy]]>
              </value>
            </param>
          </params>
          <reporter-output>
          </reporter-output>
        </test-method> <!-- Test2 -->
        <test-method status="PASS" signature="Test2(java.lang.String)[pri:0, instance:practise.ClassA@51565ec2]" name="Test2" duration-ms="0" started-at="2021-01-23T07:29:00Z" data-provider="getData" finished-at="2021-01-23T07:29:00Z">
          <params>
            <param index="0">
              <value>
                <![CDATA[reddy]]>
              </value>
            </param>
          </params>
          <reporter-output>
          </reporter-output>
        </test-method> <!-- Test2 -->
        <test-method status="PASS" signature="TestA3()[pri:0, instance:practise.ClassA@51565ec2]" name="TestA3" is-config="true" duration-ms="0" started-at="2021-01-23T07:29:00Z" finished-at="2021-01-23T07:29:00Z">
          <reporter-output>
          </reporter-output>
        </test-method> <!-- TestA3 -->
        <test-method status="PASS" signature="TestA2()[pri:0, instance:practise.ClassA@51565ec2]" name="TestA2" is-config="true" duration-ms="0" started-at="2021-01-23T07:29:00Z" finished-at="2021-01-23T07:29:00Z">
          <reporter-output>
          </reporter-output>
        </test-method> <!-- TestA2 -->
        <test-method status="PASS" signature="TestA2()[pri:0, instance:practise.ClassA@51565ec2]" name="TestA2" is-config="true" duration-ms="0" started-at="2021-01-23T07:29:00Z" finished-at="2021-01-23T07:29:00Z">
          <reporter-output>
          </reporter-output>
        </test-method> <!-- TestA2 -->
        <test-method status="PASS" signature="TestA5()[pri:0, instance:practise.ClassA@51565ec2]" name="TestA5" is-config="true" duration-ms="0" started-at="2021-01-23T07:29:00Z" finished-at="2021-01-23T07:29:00Z">
          <reporter-output>
          </reporter-output>
        </test-method> <!-- TestA5 -->
        <test-method status="PASS" signature="TestA3()[pri:0, instance:practise.ClassA@51565ec2]" name="TestA3" is-config="true" duration-ms="0" started-at="2021-01-23T07:29:00Z" finished-at="2021-01-23T07:29:00Z">
          <reporter-output>
          </reporter-output>
        </test-method> <!-- TestA3 -->
        <test-method status="PASS" signature="TestA4()[pri:0, instance:practise.ClassA@51565ec2]" name="TestA4" is-config="true" duration-ms="0" started-at="2021-01-23T07:29:00Z" finished-at="2021-01-23T07:29:00Z">
          <reporter-output>
          </reporter-output>
        </test-method> <!-- TestA4 -->
      </class> <!-- practise.ClassA -->
      <class name="practise.ClassB">
        <test-method status="PASS" signature="TestA()[pri:0, instance:practise.ClassB@482f8f11]" name="TestA" is-config="true" duration-ms="0" started-at="2021-01-23T07:29:00Z" finished-at="2021-01-23T07:29:00Z">
          <reporter-output>
          </reporter-output>
        </test-method> <!-- TestA -->
        <test-method status="PASS" signature="Test1()[pri:0, instance:practise.ClassB@482f8f11]" name="Test1" duration-ms="0" started-at="2021-01-23T07:29:00Z" finished-at="2021-01-23T07:29:00Z">
          <reporter-output>
          </reporter-output>
        </test-method> <!-- Test1 -->
        <test-method status="PASS" signature="TestA2()[pri:0, instance:practise.ClassB@482f8f11]" name="TestA2" is-config="true" duration-ms="0" started-at="2021-01-23T07:29:00Z" finished-at="2021-01-23T07:29:00Z">
          <reporter-output>
          </reporter-output>
        </test-method> <!-- TestA2 -->
        <test-method status="PASS" signature="TestA2()[pri:0, instance:practise.ClassB@482f8f11]" name="TestA2" is-config="true" duration-ms="0" started-at="2021-01-23T07:29:00Z" finished-at="2021-01-23T07:29:00Z">
          <reporter-output>
          </reporter-output>
        </test-method> <!-- TestA2 -->
        <test-method status="PASS" signature="TestA3()[pri:0, instance:practise.ClassB@482f8f11]" name="TestA3" is-config="true" duration-ms="0" started-at="2021-01-23T07:29:00Z" finished-at="2021-01-23T07:29:00Z">
          <reporter-output>
          </reporter-output>
        </test-method> <!-- TestA3 -->
        <test-method status="PASS" signature="TestA3()[pri:0, instance:practise.ClassB@482f8f11]" name="TestA3" is-config="true" duration-ms="0" started-at="2021-01-23T07:29:00Z" finished-at="2021-01-23T07:29:00Z">
          <reporter-output>
          </reporter-output>
        </test-method> <!-- TestA3 -->
        <test-method status="PASS" signature="TestA5()[pri:0, instance:practise.ClassB@482f8f11]" name="TestA5" is-config="true" duration-ms="0" started-at="2021-01-23T07:29:00Z" finished-at="2021-01-23T07:29:00Z">
          <reporter-output>
          </reporter-output>
        </test-method> <!-- TestA5 -->
        <test-method status="PASS" signature="Test2()[pri:0, instance:practise.ClassB@482f8f11]" name="Test2" duration-ms="0" started-at="2021-01-23T07:29:00Z" finished-at="2021-01-23T07:29:00Z">
          <reporter-output>
          </reporter-output>
        </test-method> <!-- Test2 -->
      </class> <!-- practise.ClassB -->
    </test> <!-- Test -->
  </suite> <!-- Suite -->
</testng-results>
